    1  docker stop centos7
    2  docker stop centos7
    3  exit
    4  docker status
    5  ls /
    6  ls /usr
    7  cd /root
    8  pwd
    9  cd /root
   10  cd usr
   11  cd /home
   12  ls
   13  cd /home/test1 && ls
   14  cd
   15  git version
   16  ls
   17  cd server_lesson
   18  ls
   19  cd  linux_practice1
   20  ls
   21  cd public
   22  ls
   23  cd -
   24  ls
   25  cd tmp
   26  ls
   27  cd -
   28  cd -
   29  cd -
   30  cd -
   31  ls
   32  cd
   33  ls
   34  cd server_lesson
   35  ls
   36   vi README.md
   37  git version
   38  cd
   39  ls
   40  git status
   41  cd server_lesson
   42  ls
   43  cd linux_practice2
   44  ls
   45  ls
   46  cd document
   47  cd documents
   48  ls
   49  cd -
   50  ls
   51  cd trash
   52  ls
   53  cd -
   54  ls
   55  ls -a
   56  cd .gitignore
   57  vi .gitignore
   58  ls
   59  ls -a
   60  vi .gitngnore
   61  cd
   62  ls
   63  cd server_lesson
   64  ls
   65  cd linux_practice2
   66  ls
   67  ls -a
   68  vi .gitignore
   69  ls -a
   70  vi .gitignore
   71  ls -a
   72  rm .gitignore
   73  ls -a
   74  vi .gitignore
   75  vi .gitignore
   76  vi .gitignore
   77  ls -a
   78  rm .gitignore
   79  ls -a
   80  rm .gitignore
   81  ls -a
   82  vi .gitignore
   83  ls -a
   84  history 300
   85  history
   86  history >> exec_command.log
